Numbers: 500,000 Lists: 1 Cores: 12
Generating 500,000 random numbers... 
Generating expected results... 
Generate time: 1.20825 seconds
Running ParallelRadixSort::msd() with 12 cores
Elapsed time: 0.830051 seconds
Comparing results... 
List 0 PASS
Numbers: 500,000 Lists: 2 Cores: 12
Generating 1,000,000 random numbers... 
Generating expected results... 
Generate time: 1.12859 seconds
Running ParallelRadixSort::msd() with 12 cores
Elapsed time: 1.566702 seconds
Comparing results... 
List 0 PASS
List 1 PASS
Numbers: 500,000 Lists: 3 Cores: 12
Generating 1,500,000 random numbers... 
Generating expected results... 
Generate time: 1.27456 seconds
Running ParallelRadixSort::msd() with 12 cores
Elapsed time: 2.525158 seconds
Comparing results... 
List 0 PASS
List 1 PASS
List 2 PASS
Numbers: 500,000 Lists: 4 Cores: 12
Generating 2,000,000 random numbers... 
Generating expected results... 
Generate time: 1.52415 seconds
Running ParallelRadixSort::msd() with 12 cores
Elapsed time: 3.115507 seconds
Comparing results... 
List 0 PASS
List 1 PASS
List 2 PASS
List 3 PASS

               Tests:   10/ 10   100.0%

